<?xml version="1.0" encoding="UTF-8"?>
<!-- Generated by org.testng.reporters.JUnitXMLReporter -->
<testsuite ignored="0" hostname="Shubham" failures="0" tests="16" name="Default test" time="21.628" errors="0" timestamp="2025-02-12T21:55:58 IST">
  <testcase classname="api.test.DDTUserTests" name="PostUserTest" time="3.69"/>
  <testcase classname="api.test.DDTUserTests" name="PostUserTest" time="1.34"/>
  <testcase classname="api.test.DDTUserTests" name="PostUserTest" time="0.906"/>
  <testcase classname="api.test.DDTUserTests" name="PostUserTest" time="1.316"/>
  <testcase classname="api.test.DDTUserTests" name="PostUserTest" time="0.956"/>
  <testcase classname="api.test.DDTUserTests" name="PostUserTest" time="1.27"/>
  <testcase classname="api.test.DDTUserTests" name="PostUserTest" time="0.821"/>
  <testcase classname="api.test.DDTUserTests" name="ReadUserTest" time="1.312"/>
  <testcase classname="api.test.DDTUserTests" name="UpdateUserTest" time="1.523"/>
  <testcase classname="api.test.DDTUserTests" name="UpdateUserTest" time="0.856"/>
  <testcase classname="api.test.DDTUserTests" name="UpdateUserTest" time="1.179"/>
  <testcase classname="api.test.DDTUserTests" name="UpdateUserTest" time="0.884"/>
  <testcase classname="api.test.DDTUserTests" name="UpdateUserTest" time="0.854"/>
  <testcase classname="api.test.DDTUserTests" name="UpdateUserTest" time="1.281"/>
  <testcase classname="api.test.DDTUserTests" name="UpdateUserTest" time="1.306"/>
  <testcase classname="api.test.DDTUserTests" name="DeleteUserTest" time="1.273"/>
</testsuite> <!-- Default test -->
