<?xml version="1.0" encoding="UTF-8"?>
<!-- Generated by org.testng.reporters.JUnitXMLReporter -->
<testsuite ignored="0" hostname="Shubham" failures="0" tests="4" name="GorestTest" time="10.72" errors="0" timestamp="2025-02-12T23:54:26 IST">
  <testcase classname="api.test.UserTests" name="PostUserTest" time="4.536"/>
  <testcase classname="api.test.UserTests" name="ReadUserTest" time="1.796"/>
  <testcase classname="api.test.UserTests" name="UpdateUserTest" time="1.678"/>
  <testcase classname="api.test.UserTests" name="DeleteUserTest" time="1.266"/>
</testsuite> <!-- GorestTest -->
