<?xml version="1.0" encoding="UTF-8"?>
<testng-results ignored="0" total="4" passed="4" failed="0" skipped="0">
  <reporter-output>
  </reporter-output>
  <suite started-at="2025-02-13T00:22:10 IST" name="Gorest" finished-at="2025-02-13T00:22:20 IST" duration-ms="10392">
    <groups>
    </groups>
    <test started-at="2025-02-13T00:22:10 IST" name="GorestTest" finished-at="2025-02-13T00:22:20 IST" duration-ms="10392">
      <class name="api.test.UserTests">
        <test-method is-config="true" signature="setup()[pri:0, instance:api.test.UserTests@1e16c0aa]" started-at="2025-02-13T00:22:10 IST" name="setup" finished-at="2025-02-13T00:22:11 IST" duration-ms="1083" status="PASS">
          <reporter-output>
          </reporter-output>
        </test-method> <!-- setup -->
        <test-method signature="PostUserTest()[pri:1, instance:api.test.UserTests@1e16c0aa]" started-at="2025-02-13T00:22:11 IST" name="PostUserTest" finished-at="2025-02-13T00:22:16 IST" duration-ms="4390" status="PASS">
          <reporter-output>
          </reporter-output>
        </test-method> <!-- PostUserTest -->
        <test-method signature="ReadUserTest()[pri:2, instance:api.test.UserTests@1e16c0aa]" started-at="2025-02-13T00:22:16 IST" name="ReadUserTest" finished-at="2025-02-13T00:22:17 IST" duration-ms="1491" status="PASS">
          <reporter-output>
          </reporter-output>
        </test-method> <!-- ReadUserTest -->
        <test-method signature="UpdateUserTest()[pri:3, instance:api.test.UserTests@1e16c0aa]" started-at="2025-02-13T00:22:17 IST" name="UpdateUserTest" finished-at="2025-02-13T00:22:19 IST" duration-ms="1842" status="PASS">
          <reporter-output>
          </reporter-output>
        </test-method> <!-- UpdateUserTest -->
        <test-method signature="DeleteUserTest()[pri:4, instance:api.test.UserTests@1e16c0aa]" started-at="2025-02-13T00:22:19 IST" name="DeleteUserTest" finished-at="2025-02-13T00:22:20 IST" duration-ms="1218" status="PASS">
          <reporter-output>
          </reporter-output>
        </test-method> <!-- DeleteUserTest -->
      </class> <!-- api.test.UserTests -->
    </test> <!-- GorestTest -->
  </suite> <!-- Gorest -->
</testng-results>
