<?xml version="1.0" encoding="UTF-8"?>
<testsuite xmlns:xsi="http://www.w3.org/2001/XMLSchema-instance" xsi:noNamespaceSchemaLocation="https://maven.apache.org/surefire/maven-surefire-plugin/xsd/surefire-test-report.xsd" version="3.0.2" name="TestSuite" time="12.014" tests="4" errors="0" skipped="0" failures="0">
  <properties>
[...]
</properties>
  <testcase name="PostUserTest" classname="api.test.UserTests" time="4.409">
    <system-out><![CDATA[7696761
]]></system-out>
    <system-err><![CDATA[SLF4J: Failed to load class "org.slf4j.impl.StaticLoggerBinder".
SLF4J: Defaulting to no-operation (NOP) logger implementation
SLF4J: See http://www.slf4j.org/codes.html#StaticLoggerBinder for further details.
]]></system-err>
  </testcase>
  <testcase name="ReadUserTest" classname="api.test.UserTests" time="1.488">
    <system-out><![CDATA[{
    "id": 7696761,
    "name": "Joesph Klocko III",
    "email": "kirby.bartoletti@gmail.com",
    "gender": "male",
    "status": "active"
}
]]></system-out>
  </testcase>
  <testcase name="UpdateUserTest" classname="api.test.UserTests" time="1.844">
    <system-out><![CDATA[{
    "id": 7696761,
    "name": "Joesph Klocko III",
    "email": "kirby.bartoletti@gmail.com",
    "gender": "male",
    "status": "active"
}
]]></system-out>
  </testcase>
  <testcase name="DeleteUserTest" classname="api.test.UserTests" time="1.217"/>
</testsuite>