<?xml version="1.0" encoding="UTF-8"?>
<testng-results ignored="0" total="4" passed="4" failed="0" skipped="0">
  <reporter-output>
  </reporter-output>
  <suite started-at="2025-02-12T23:54:15 IST" name="Gorest" finished-at="2025-02-12T23:54:26 IST" duration-ms="10720">
    <groups>
    </groups>
    <test started-at="2025-02-12T23:54:15 IST" name="GorestTest" finished-at="2025-02-12T23:54:26 IST" duration-ms="10720">
      <class name="api.test.UserTests">
        <test-method is-config="true" signature="setup()[pri:0, instance:api.test.UserTests@13526e59]" started-at="2025-02-12T23:54:15 IST" name="setup" finished-at="2025-02-12T23:54:16 IST" duration-ms="966" status="PASS">
          <reporter-output>
          </reporter-output>
        </test-method> <!-- setup -->
        <test-method signature="PostUserTest()[pri:1, instance:api.test.UserTests@13526e59]" started-at="2025-02-12T23:54:16 IST" name="PostUserTest" finished-at="2025-02-12T23:54:21 IST" duration-ms="4536" status="PASS">
          <reporter-output>
          </reporter-output>
        </test-method> <!-- PostUserTest -->
        <test-method signature="ReadUserTest()[pri:2, instance:api.test.UserTests@13526e59]" started-at="2025-02-12T23:54:21 IST" name="ReadUserTest" finished-at="2025-02-12T23:54:23 IST" duration-ms="1796" status="PASS">
          <reporter-output>
          </reporter-output>
        </test-method> <!-- ReadUserTest -->
        <test-method signature="UpdateUserTest()[pri:3, instance:api.test.UserTests@13526e59]" started-at="2025-02-12T23:54:23 IST" name="UpdateUserTest" finished-at="2025-02-12T23:54:24 IST" duration-ms="1678" status="PASS">
          <reporter-output>
          </reporter-output>
        </test-method> <!-- UpdateUserTest -->
        <test-method signature="DeleteUserTest()[pri:4, instance:api.test.UserTests@13526e59]" started-at="2025-02-12T23:54:24 IST" name="DeleteUserTest" finished-at="2025-02-12T23:54:26 IST" duration-ms="1266" status="PASS">
          <reporter-output>
          </reporter-output>
        </test-method> <!-- DeleteUserTest -->
      </class> <!-- api.test.UserTests -->
    </test> <!-- GorestTest -->
  </suite> <!-- Gorest -->
</testng-results>
