<?xml version="1.0" encoding="UTF-8"?>
<!-- Generated by org.testng.reporters.JUnitXMLReporter -->
<testsuite ignored="0" hostname="Shubham" failures="0" tests="4" name="GorestTest" time="10.392" errors="0" timestamp="2025-02-13T00:22:21 IST">
  <testcase classname="api.test.UserTests" name="PostUserTest" time="4.39"/>
  <testcase classname="api.test.UserTests" name="ReadUserTest" time="1.491"/>
  <testcase classname="api.test.UserTests" name="UpdateUserTest" time="1.842"/>
  <testcase classname="api.test.UserTests" name="DeleteUserTest" time="1.218"/>
</testsuite> <!-- GorestTest -->
